app/build/outputs/logs/manifest-merger-debug-report.txt
-- Merging decision tree log ---
manifest
ADDED from src\main\AndroidManifest.xml:2:1-344:12
	package
		ADDED from src\main\AndroidManifest.xml:4:5-40
		INJECTED from src\main\AndroidManifest.xml
		INJECTED from src\main\AndroidManifest.xml
	android:versionName
		INJECTED from src\main\AndroidManifest.xml
		INJECTED from src\main\AndroidManifest.xml
	xmlns:tools
		ADDED from src\main\AndroidManifest.xml:3:5-51
	xmlns:android
		ADDED from src\main\AndroidManifest.xml:2:11-69
	android:versionCode
		INJECTED from src\main\AndroidManifest.xml
		INJECTED from src\main\AndroidManifest.xml
uses-permission#android.permission.ACCESS_FINE_LOCATION
ADDED from src\main\AndroidManifest.xml:7:5-79
	android:name
		ADDED from src\main\AndroidManifest.xml:7:22-76
uses-permission#android.permission.ACCESS_COARSE_LOCATION
ADDED from src\main\AndroidManifest.xml:8:5-81
	android:name
		ADDED from src\main\AndroidManifest.xml:8:22-78
uses-permission#android.permission.BROADCAST_STICKY
ADDED from src\main\AndroidManifest.xml:9:5-75
	android:name
		ADDED from src\main\AndroidManifest.xml:9:22-72
uses-permission#android.permission.SYSTEM_ALERT_WINDOW
ADDED from src\main\AndroidManifest.xml:10:5-78
	android:name
		ADDED from src\main\AndroidManifest.xml:10:22-75
uses-permission#android.permission.READ_PHONE_STATE
ADDED from src\main\AndroidManifest.xml:12:5-75
	android:name
		ADDED from src\main\AndroidManifest.xml:12:22-72
uses-permission#android.permission.CALL_PHONE
ADDED from src\main\AndroidManifest.xml:13:5-69
	android:name
		ADDED from src\main\AndroidManifest.xml:13:22-66
uses-permission#android.permission.PROCESS_OUTGOING_CALLS
ADDED from src\main\AndroidManifest.xml:14:5-81
	android:name
		ADDED from src\main\AndroidManifest.xml:14:22-78
uses-permission#android.permission.WAKE_LOCK
ADDED from src\main\AndroidManifest.xml:15:5-68
	android:name
		ADDED from src\main\AndroidManifest.xml:15:22-65
uses-permission#android.permission.VIBRATE
ADDED from src\main\AndroidManifest.xml:17:5-66
	android:name
		ADDED from src\main\AndroidManifest.xml:17:22-63
uses-permission#android.permission.READ_CONTACTS
ADDED from src\main\AndroidManifest.xml:18:5-72
	android:name
		ADDED from src\main\AndroidManifest.xml:18:22-69
uses-permission#android.permission.WRITE_CONTACTS
ADDED from src\main\AndroidManifest.xml:19:5-73
	android:name
		ADDED from src\main\AndroidManifest.xml:19:22-70
uses-permission#android.permission.RECEIVE_WAP_PUSH
ADDED from src\main\AndroidManifest.xml:20:5-75
	android:name
		ADDED from src\main\AndroidManifest.xml:20:22-72
uses-permission#android.permission.BLUETOOTH
ADDED from src\main\AndroidManifest.xml:21:5-68
	android:name
		ADDED from src\main\AndroidManifest.xml:21:22-65
uses-permission#android.permission.BLUETOOTH_ADMIN
ADDED from src\main\AndroidManifest.xml:22:5-74
	android:name
		ADDED from src\main\AndroidManifest.xml:22:22-71
uses-permission#com.android.email.permission.ACCESS_PROVIDER
ADDED from src\main\AndroidManifest.xml:23:5-84
	android:name
		ADDED from src\main\AndroidManifest.xml:23:22-81
uses-permission#android.permission.INTERNET
ADDED from src\main\AndroidManifest.xml:24:5-67
	android:name
		ADDED from src\main\AndroidManifest.xml:24:22-64
uses-permission#android.permission.WRITE_EXTERNAL_STORAGE
ADDED from src\main\AndroidManifest.xml:25:5-81
	android:name
		ADDED from src\main\AndroidManifest.xml:25:22-78
uses-permission#android.permission.ACCESS_NETWORK_STATE
ADDED from src\main\AndroidManifest.xml:26:5-79
	android:name
		ADDED from src\main\AndroidManifest.xml:26:22-76
uses-permission#android.permission.ACCESS_DOWNLOAD_MANAGER
ADDED from src\main\AndroidManifest.xml:27:5-82
	android:name
		ADDED from src\main\AndroidManifest.xml:27:22-79
uses-permission#android.permission.CAMERA
ADDED from src\main\AndroidManifest.xml:28:5-65
	android:name
		ADDED from src\main\AndroidManifest.xml:28:22-62
uses-permission#android.permission.DISABLE_KEYGUARD
ADDED from src\main\AndroidManifest.xml:29:5-75
	android:name
		ADDED from src\main\AndroidManifest.xml:29:22-72
uses-permission#android.permission.RECEIVE_BOOT_COMPLETED
ADDED from src\main\AndroidManifest.xml:30:5-81
	android:name
		ADDED from src\main\AndroidManifest.xml:30:22-78
uses-permission#android.permission.WRITE_SETTINGS
ADDED from src\main\AndroidManifest.xml:31:5-73
	android:name
		ADDED from src\main\AndroidManifest.xml:31:22-70
uses-permission#android.permission.GET_ACCOUNTS
ADDED from src\main\AndroidManifest.xml:32:5-71
	android:name
		ADDED from src\main\AndroidManifest.xml:32:22-68
uses-permission#android.permission.MANAGE_ACCOUNTS
ADDED from src\main\AndroidManifest.xml:33:5-74
	android:name
		ADDED from src\main\AndroidManifest.xml:33:22-71
uses-permission#android.permission.READ_CALENDAR
ADDED from src\main\AndroidManifest.xml:34:5-72
	android:name
		ADDED from src\main\AndroidManifest.xml:34:22-69
uses-permission#android.permission.WRITE_CALENDAR
ADDED from src\main\AndroidManifest.xml:35:5-73
	android:name
		ADDED from src\main\AndroidManifest.xml:35:22-70
uses-permission#android.permission.GET_TASKS
ADDED from src\main\AndroidManifest.xml:36:5-68
	android:name
		ADDED from src\main\AndroidManifest.xml:36:22-65
uses-permission#android.permission.REORDER_TASKS
ADDED from src\main\AndroidManifest.xml:37:5-72
	android:name
		ADDED from src\main\AndroidManifest.xml:37:22-69
uses-permission#android.permission.MODIFY_AUDIO_SETTINGS
ADDED from src\main\AndroidManifest.xml:38:5-80
	android:name
		ADDED from src\main\AndroidManifest.xml:38:22-77
uses-permission#android.permission.CHANGE_NETWORK_STATE
ADDED from src\main\AndroidManifest.xml:41:5-79
	android:name
		ADDED from src\main\AndroidManifest.xml:41:22-76
uses-permission#android.permission.CHANGE_WIFI_STATE
ADDED from src\main\AndroidManifest.xml:42:5-76
	android:name
		ADDED from src\main\AndroidManifest.xml:42:22-73
uses-permission#android.permission.ACCESS_WIFI_STATE
ADDED from src\main\AndroidManifest.xml:43:5-76
	android:name
		ADDED from src\main\AndroidManifest.xml:43:22-73
uses-permission#android.permission.RECORD_AUDIO
ADDED from src\main\AndroidManifest.xml:44:5-71
	android:name
		ADDED from src\main\AndroidManifest.xml:44:22-68
uses-feature#0x00020000
ADDED from src\main\AndroidManifest.xml:47:5-49:35
	android:glEsVersion
		ADDED from src\main\AndroidManifest.xml:48:9-41
	android:required
		ADDED from src\main\AndroidManifest.xml:49:9-32
application
ADDED from src\main\AndroidManifest.xml:52:5-343:19
MERGED from [com.android.support:design:25.0.1] AndroidManifest.xml:25:5-20
MERGED from [com.android.support:transition:25.0.1] AndroidManifest.xml:22:5-20
MERGED from [com.android.support:support-v13:25.0.1] AndroidManifest.xml:25:5-20
MERGED from [com.android.support.constraint:constraint-layout:1.0.0-alpha5] AndroidManifest.xml:9:5-20
MERGED from [CamlogLive2017.4.5:photoedit:unspecified] AndroidManifest.xml:11:5-15:19
MERGED from [com.android.support:appcompat-v7:25.0.1] AndroidManifest.xml:25:5-20
MERGED from [com.android.support:support-v4:25.0.1] AndroidManifest.xml:25:5-20
MERGED from [com.android.support:support-fragment:25.0.1] AndroidManifest.xml:25:5-20
MERGED from [com.android.support:support-media-compat:25.0.1] AndroidManifest.xml:25:5-20
MERGED from [com.android.support:support-core-ui:25.0.1] AndroidManifest.xml:25:5-20
MERGED from [com.android.support:support-core-utils:25.0.1] AndroidManifest.xml:25:5-20
MERGED from [com.android.support:animated-vector-drawable:25.0.1] AndroidManifest.xml:22:5-20
MERGED from [com.android.support:support-vector-drawable:25.0.1] AndroidManifest.xml:23:5-20
MERGED from [com.android.support:support-compat:25.0.1] AndroidManifest.xml:25:5-20
MERGED from [com.getbase:floatingactionbutton:1.10.1] AndroidManifest.xml:12:5-20
	android:process
		ADDED from src\main\AndroidManifest.xml:56:9-52
	android:label
		ADDED from src\main\AndroidManifest.xml:55:9-42
		REJECTED from [CamlogLive2017.4.5:photoedit:unspecified] AndroidManifest.xml:13:9-41
	android:supportsRtl
		ADDED from [CamlogLive2017.4.5:photoedit:unspecified] AndroidManifest.xml:14:9-35
	android:icon
		ADDED from src\main\AndroidManifest.xml:54:9-45
	android:allowBackup
		ADDED from [CamlogLive2017.4.5:photoedit:unspecified] AndroidManifest.xml:12:9-35
	android:theme
		ADDED from src\main\AndroidManifest.xml:57:9-40
	tools:replace
		ADDED from src\main\AndroidManifest.xml:58:9-38
	android:name
		ADDED from src\main\AndroidManifest.xml:53:9-57
activity#com.sctek.smartglasses.ui.MainActivity
ADDED from src\main\AndroidManifest.xml:60:9-72:20
	android:screenOrientation
		ADDED from src\main\AndroidManifest.xml:64:13-49
	android:launchMode
		ADDED from src\main\AndroidManifest.xml:63:13-44
	android:configChanges
		ADDED from src\main\AndroidManifest.xml:62:13-113
	android:theme
		ADDED from src\main\AndroidManifest.xml:65:13-71
	android:name
		ADDED from src\main\AndroidManifest.xml:61:13-66
activity#com.sctek.smartglasses.ui.BindCamlogActivity
ADDED from src\main\AndroidManifest.xml:75:9-79:20
	android:screenOrientation
		ADDED from src\main\AndroidManifest.xml:78:13-49
	android:launchMode
		ADDED from src\main\AndroidManifest.xml:77:13-43
	android:name
		ADDED from src\main\AndroidManifest.xml:76:13-72
activity#com.sctek.smartglasses.zxing.CaptureActivity
ADDED from src\main\AndroidManifest.xml:81:9-85:62
	android:screenOrientation
		ADDED from src\main\AndroidManifest.xml:84:13-49
	android:launchMode
		ADDED from src\main\AndroidManifest.xml:83:13-43
	android:theme
		ADDED from src\main\AndroidManifest.xml:85:13-60
	android:name
		ADDED from src\main\AndroidManifest.xml:82:13-72
service#com.baidu.location.f
ADDED from src\main\AndroidManifest.xml:87:9-94:19
	android:enabled
		ADDED from src\main\AndroidManifest.xml:89:13-35
	android:process
		ADDED from src\main\AndroidManifest.xml:90:13-38
	android:name
		ADDED from src\main\AndroidManifest.xml:88:13-48
intent-filter#com.baidu.location.service_v2.4
ADDED from src\main\AndroidManifest.xml:91:13-93:29
action#com.baidu.location.service_v2.4
ADDED from src\main\AndroidManifest.xml:92:17-73
	android:name
		ADDED from src\main\AndroidManifest.xml:92:25-71
meta-data#com.baidu.lbsapi.API_KEY
ADDED from src\main\AndroidManifest.xml:96:9-98:56
	android:value
		ADDED from src\main\AndroidManifest.xml:98:13-53
	android:name
		ADDED from src\main\AndroidManifest.xml:97:13-52
service#com.cn.zhongdun110.camlog.LocationReportService
ADDED from src\main\AndroidManifest.xml:100:9-82
	android:name
		ADDED from src\main\AndroidManifest.xml:100:18-80
service#cn.ingenic.glasssync.services.SyncService
ADDED from src\main\AndroidManifest.xml:102:9-107:19
	android:name
		ADDED from src\main\AndroidManifest.xml:102:18-74
intent-filter#com.cn.zhongdun110.camlog.SYNC_SERVICE
ADDED from src\main\AndroidManifest.xml:103:13-106:29
action#com.cn.zhongdun110.camlog.SYNC_SERVICE
ADDED from src\main\AndroidManifest.xml:105:17-81
	android:name
		ADDED from src\main\AndroidManifest.xml:105:25-78
service#com.cn.zhongdun110.camlog.notify.GlassSyncNotifyService
ADDED from src\main\AndroidManifest.xml:108:9-115:19
	android:label
		ADDED from src\main\AndroidManifest.xml:110:13-45
	android:permission
		ADDED from src\main\AndroidManifest.xml:111:13-87
	android:name
		ADDED from src\main\AndroidManifest.xml:109:13-58
intent-filter#android.service.notification.NotificationListenerService
ADDED from src\main\AndroidManifest.xml:112:13-114:29
action#android.service.notification.NotificationListenerService
ADDED from src\main\AndroidManifest.xml:113:17-99
	android:name
		ADDED from src\main\AndroidManifest.xml:113:25-96
activity#com.cn.zhongdun110.camlog.WelcomeActivity
ADDED from src\main\AndroidManifest.xml:117:9-128:20
	android:screenOrientation
		ADDED from src\main\AndroidManifest.xml:120:13-49
	android:launchMode
		ADDED from src\main\AndroidManifest.xml:119:13-43
	android:theme
		ADDED from src\main\AndroidManifest.xml:121:13-83
	android:name
		ADDED from src\main\AndroidManifest.xml:118:13-69
intent-filter#android.intent.action.MAIN+android.intent.category.DEFAULT+android.intent.category.LAUNCHER+com.cn.zhongdun110.camlog.WelcomeActivity
ADDED from src\main\AndroidManifest.xml:122:13-127:29
action#com.cn.zhongdun110.camlog.WelcomeActivity
ADDED from src\main\AndroidManifest.xml:123:17-84
	android:name
		ADDED from src\main\AndroidManifest.xml:123:25-81
action#android.intent.action.MAIN
ADDED from src\main\AndroidManifest.xml:124:17-69
	android:name
		ADDED from src\main\AndroidManifest.xml:124:25-66
category#android.intent.category.LAUNCHER
ADDED from src\main\AndroidManifest.xml:125:17-77
	android:name
		ADDED from src\main\AndroidManifest.xml:125:27-74
category#android.intent.category.DEFAULT
ADDED from src\main\AndroidManifest.xml:126:17-76
	android:name
		ADDED from src\main\AndroidManifest.xml:126:27-73
activity#com.sctek.smartglasses.ui.RemoteCameraLiveActivity
ADDED from src\main\AndroidManifest.xml:130:9-134:51
	android:screenOrientation
		ADDED from src\main\AndroidManifest.xml:134:13-49
	android:launchMode
		ADDED from src\main\AndroidManifest.xml:132:13-43
	android:logo
		ADDED from src\main\AndroidManifest.xml:133:13-44
	android:name
		ADDED from src\main\AndroidManifest.xml:131:13-78
activity#com.sctek.smartglasses.ui.SelectCameraLiveActivity
ADDED from src\main\AndroidManifest.xml:135:9-141:20
	android:screenOrientation
		ADDED from src\main\AndroidManifest.xml:139:13-49
	android:launchMode
		ADDED from src\main\AndroidManifest.xml:137:13-43
	android:logo
		ADDED from src\main\AndroidManifest.xml:138:13-44
	android:name
		ADDED from src\main\AndroidManifest.xml:136:13-78
activity#com.sctek.smartglasses.ui.RemoteLiveSelectUIDActivity
ADDED from src\main\AndroidManifest.xml:142:9-146:51
	android:screenOrientation
		ADDED from src\main\AndroidManifest.xml:146:13-49
	android:launchMode
		ADDED from src\main\AndroidManifest.xml:144:13-43
	android:logo
		ADDED from src\main\AndroidManifest.xml:145:13-44
	android:name
		ADDED from src\main\AndroidManifest.xml:143:13-81
activity#com.cn.zhongdun110.camlog.phone.InCall
ADDED from src\main\AndroidManifest.xml:147:9-151:72
	android:screenOrientation
		ADDED from src\main\AndroidManifest.xml:150:13-49
	android:launchMode
		ADDED from src\main\AndroidManifest.xml:149:13-48
	android:theme
		ADDED from src\main\AndroidManifest.xml:151:13-70
	android:name
		ADDED from src\main\AndroidManifest.xml:148:13-41
activity#com.cn.zhongdun110.camlog.multimedia.OpenFileActivity
ADDED from src\main\AndroidManifest.xml:153:9-155:51
	android:screenOrientation
		ADDED from src\main\AndroidManifest.xml:155:13-49
	android:name
		ADDED from src\main\AndroidManifest.xml:154:13-81
receiver#com.cn.zhongdun110.camlog.DeviceReceiver
ADDED from src\main\AndroidManifest.xml:160:9-178:20
	android:permission
		ADDED from src\main\AndroidManifest.xml:162:13-71
	android:name
		ADDED from src\main\AndroidManifest.xml:161:13-68
meta-data#android.app.device_admin
ADDED from src\main\AndroidManifest.xml:163:13-165:55
	android:resource
		ADDED from src\main\AndroidManifest.xml:165:17-52
	android:name
		ADDED from src\main\AndroidManifest.xml:164:17-56
intent-filter#android.app.action.DEVICE_ADMIN_ENABLED
ADDED from src\main\AndroidManifest.xml:167:13-169:29
action#android.app.action.DEVICE_ADMIN_ENABLED
ADDED from src\main\AndroidManifest.xml:168:17-82
	android:name
		ADDED from src\main\AndroidManifest.xml:168:25-79
intent-filter#receiver.request.unbind
ADDED from src\main\AndroidManifest.xml:170:13-172:29
action#receiver.request.unbind
ADDED from src\main\AndroidManifest.xml:171:17-66
	android:name
		ADDED from src\main\AndroidManifest.xml:171:25-63
intent-filter#android.bluetooth.a2dp.profile.action.CONNECTION_STATE_CHANGED+android.bluetooth.headset.profile.action.CONNECTION_STATE_CHANGED+receiver.action.STATE_CHANGE
ADDED from src\main\AndroidManifest.xml:173:13-177:29
action#receiver.action.STATE_CHANGE
ADDED from src\main\AndroidManifest.xml:174:17-71
	android:name
		ADDED from src\main\AndroidManifest.xml:174:25-68
action#android.bluetooth.headset.profile.action.CONNECTION_STATE_CHANGED
ADDED from src\main\AndroidManifest.xml:175:17-108
	android:name
		ADDED from src\main\AndroidManifest.xml:175:25-105
action#android.bluetooth.a2dp.profile.action.CONNECTION_STATE_CHANGED
ADDED from src\main\AndroidManifest.xml:176:17-105
	android:name
		ADDED from src\main\AndroidManifest.xml:176:25-102
provider#com.cn.zhongdun110.camlog.contactslite.ContactsLiteMidSrcContentProvider
ADDED from src\main\AndroidManifest.xml:192:9-196:20
	android:authorities
		ADDED from src\main\AndroidManifest.xml:194:13-79
	android:exported
		ADDED from src\main\AndroidManifest.xml:195:13-37
	android:name
		ADDED from src\main\AndroidManifest.xml:193:13-100
activity#com.sctek.smartglasses.ui.LiveDisplayActivity
ADDED from src\main\AndroidManifest.xml:199:9-203:79
	android:screenOrientation
		ADDED from src\main\AndroidManifest.xml:202:13-50
	android:configChanges
		ADDED from src\main\AndroidManifest.xml:201:13-83
	android:theme
		ADDED from src\main\AndroidManifest.xml:203:13-77
	android:name
		ADDED from src\main\AndroidManifest.xml:200:13-73
activity#com.sctek.smartglasses.ui.CameraIOTCLiveActivity
ADDED from src\main\AndroidManifest.xml:206:9-210:79
	android:screenOrientation
		ADDED from src\main\AndroidManifest.xml:209:13-50
	android:configChanges
		ADDED from src\main\AndroidManifest.xml:208:13-83
	android:theme
		ADDED from src\main\AndroidManifest.xml:210:13-77
	android:name
		ADDED from src\main\AndroidManifest.xml:207:13-76
activity#com.sctek.smartglasses.ui.ModifyPasswordActivtiy
ADDED from src\main\AndroidManifest.xml:212:9-214:51
	android:screenOrientation
		ADDED from src\main\AndroidManifest.xml:214:13-49
	android:name
		ADDED from src\main\AndroidManifest.xml:213:13-76
activity#com.cn.zhongdun110.camlog.sinaapi.WBAuthAndShareActivity
ADDED from src\main\AndroidManifest.xml:217:9-93
	android:name
		ADDED from src\main\AndroidManifest.xml:217:19-90
activity#com.sina.weibo.sdk.component.WeiboSdkBrowser
ADDED from src\main\AndroidManifest.xml:218:9-222:58
	android:exported
		ADDED from src\main\AndroidManifest.xml:221:13-37
	android:windowSoftInputMode
		ADDED from src\main\AndroidManifest.xml:222:13-55
	android:configChanges
		ADDED from src\main\AndroidManifest.xml:220:13-63
	android:name
		ADDED from src\main\AndroidManifest.xml:219:13-72
activity#com.sctek.smartglasses.ui.PhotoActivity
ADDED from src\main\AndroidManifest.xml:224:9-227:51
	android:screenOrientation
		ADDED from src\main\AndroidManifest.xml:227:13-49
	android:logo
		ADDED from src\main\AndroidManifest.xml:226:13-45
	android:name
		ADDED from src\main\AndroidManifest.xml:225:13-67
activity#com.sctek.smartglasses.ui.VideoActivity
ADDED from src\main\AndroidManifest.xml:228:9-231:51
	android:screenOrientation
		ADDED from src\main\AndroidManifest.xml:231:13-49
	android:logo
		ADDED from src\main\AndroidManifest.xml:230:13-43
	android:name
		ADDED from src\main\AndroidManifest.xml:229:13-67
activity#com.sctek.smartglasses.ui.SettingActivity
ADDED from src\main\AndroidManifest.xml:233:9-238:20
	android:screenOrientation
		ADDED from src\main\AndroidManifest.xml:236:13-49
	android:theme
		ADDED from src\main\AndroidManifest.xml:237:13-62
	android:logo
		ADDED from src\main\AndroidManifest.xml:235:13-45
	android:name
		ADDED from src\main\AndroidManifest.xml:234:13-69
activity#com.sctek.smartglasses.ui.AboutActivity
ADDED from src\main\AndroidManifest.xml:240:9-245:20
	android:screenOrientation
		ADDED from src\main\AndroidManifest.xml:243:13-49
	android:theme
		ADDED from src\main\AndroidManifest.xml:244:13-62
	android:logo
		ADDED from src\main\AndroidManifest.xml:242:13-43
	android:name
		ADDED from src\main\AndroidManifest.xml:241:13-67
activity#com.sctek.smartglasses.fragments.WaterMarkActivity
ADDED from src\main\AndroidManifest.xml:247:9-250:56
	android:screenOrientation
		ADDED from src\main\AndroidManifest.xml:249:13-49
	android:theme
		ADDED from src\main\AndroidManifest.xml:250:13-54
	android:name
		ADDED from src\main\AndroidManifest.xml:248:13-78
activity#com.sctek.smartglasses.ui.WifiListActivity
ADDED from src\main\AndroidManifest.xml:252:9-256:56
	android:screenOrientation
		ADDED from src\main\AndroidManifest.xml:254:13-49
	android:theme
		ADDED from src\main\AndroidManifest.xml:256:13-54
	android:name
		ADDED from src\main\AndroidManifest.xml:253:13-70
service#com.cn.zhongdun110.camlog.MediaSyncService
ADDED from src\main\AndroidManifest.xml:258:9-77
	android:name
		ADDED from src\main\AndroidManifest.xml:258:18-75
service#com.sctek.smartglasses.utils.UpdateService
ADDED from src\main\AndroidManifest.xml:259:9-77
	android:name
		ADDED from src\main\AndroidManifest.xml:259:18-75
meta-data#BDAPPID
ADDED from src\main\AndroidManifest.xml:262:9-264:39
	android:value
		ADDED from src\main\AndroidManifest.xml:264:13-36
	android:name
		ADDED from src\main\AndroidManifest.xml:263:13-35
meta-data#BDAPPKEY
ADDED from src\main\AndroidManifest.xml:265:9-267:64
	android:value
		ADDED from src\main\AndroidManifest.xml:267:13-61
	android:name
		ADDED from src\main\AndroidManifest.xml:266:13-36
meta-data#PGYER_APPID
ADDED from src\main\AndroidManifest.xml:269:9-271:62
	android:value
		ADDED from src\main\AndroidManifest.xml:271:13-60
	android:name
		ADDED from src\main\AndroidManifest.xml:270:13-39
activity#com.baidu.autoupdatesdk.ConfirmDialoigActivity
ADDED from src\main\AndroidManifest.xml:273:9-277:73
	android:screenOrientation
		ADDED from src\main\AndroidManifest.xml:276:13-47
	android:exported
		ADDED from src\main\AndroidManifest.xml:275:13-37
	android:theme
		ADDED from src\main\AndroidManifest.xml:277:13-70
	android:name
		ADDED from src\main\AndroidManifest.xml:274:13-74
receiver#com.baidu.autoupdatesdk.receiver.BDBroadcastReceiver
ADDED from src\main\AndroidManifest.xml:279:9-288:20
	android:exported
		ADDED from src\main\AndroidManifest.xml:281:13-37
	android:name
		ADDED from src\main\AndroidManifest.xml:280:13-80
intent-filter#com.baidu.autoupdatesdk.ACTION_AS_DOWNLOAD_COMPLETE+com.baidu.autoupdatesdk.ACTION_DOWNLOAD_COMPLETE+com.baidu.autoupdatesdk.ACTION_NEW_AS+com.baidu.autoupdatesdk.ACTION_NEW_UPDATE
ADDED from src\main\AndroidManifest.xml:282:13-287:29
action#com.baidu.autoupdatesdk.ACTION_NEW_UPDATE
ADDED from src\main\AndroidManifest.xml:283:17-84
	android:name
		ADDED from src\main\AndroidManifest.xml:283:25-81
action#com.baidu.autoupdatesdk.ACTION_DOWNLOAD_COMPLETE
ADDED from src\main\AndroidManifest.xml:284:17-91
	android:name
		ADDED from src\main\AndroidManifest.xml:284:25-88
action#com.baidu.autoupdatesdk.ACTION_NEW_AS
ADDED from src\main\AndroidManifest.xml:285:17-80
	android:name
		ADDED from src\main\AndroidManifest.xml:285:25-77
action#com.baidu.autoupdatesdk.ACTION_AS_DOWNLOAD_COMPLETE
ADDED from src\main\AndroidManifest.xml:286:17-94
	android:name
		ADDED from src\main\AndroidManifest.xml:286:25-91
activity#com.photoedit.demo.PhotoEditActivity
ADDED from src\main\AndroidManifest.xml:292:9-295:47
	android:screenOrientation
		ADDED from src\main\AndroidManifest.xml:294:13-49
	android:theme
		ADDED from src\main\AndroidManifest.xml:295:13-45
	android:name
		ADDED from src\main\AndroidManifest.xml:293:13-64
activity#com.photoedit.demo.FilterTestActivity
ADDED from src\main\AndroidManifest.xml:296:9-298:52
	android:screenOrientation
		ADDED from src\main\AndroidManifest.xml:298:13-49
	android:name
		ADDED from src\main\AndroidManifest.xml:297:13-65
activity#com.photoedit.demo.ImageFilterActivity
ADDED from src\main\AndroidManifest.xml:299:9-300:51
	android:screenOrientation
		ADDED from src\main\AndroidManifest.xml:300:13-49
	android:name
		ADDED from src\main\AndroidManifest.xml:299:19-72
activity#com.photoedit.demo.WarpActivity
ADDED from src\main\AndroidManifest.xml:301:9-302:51
	android:screenOrientation
		ADDED from src\main\AndroidManifest.xml:302:13-49
	android:name
		ADDED from src\main\AndroidManifest.xml:301:19-65
activity#com.photoedit.demo.PhotoFrameActivity
ADDED from src\main\AndroidManifest.xml:303:9-304:51
	android:screenOrientation
		ADDED from src\main\AndroidManifest.xml:304:13-49
	android:name
		ADDED from src\main\AndroidManifest.xml:303:19-71
activity#com.photoedit.demo.DrawBaseActivity
ADDED from src\main\AndroidManifest.xml:305:9-306:51
	android:screenOrientation
		ADDED from src\main\AndroidManifest.xml:306:13-49
	android:name
		ADDED from src\main\AndroidManifest.xml:305:19-69
activity#com.photoedit.demo.MosaicActivity
ADDED from src\main\AndroidManifest.xml:307:9-308:51
	android:screenOrientation
		ADDED from src\main\AndroidManifest.xml:308:13-49
	android:name
		ADDED from src\main\AndroidManifest.xml:307:19-67
activity#com.photoedit.demo.ImageCropActivity
ADDED from src\main\AndroidManifest.xml:309:9-310:51
	android:screenOrientation
		ADDED from src\main\AndroidManifest.xml:310:13-49
	android:name
		ADDED from src\main\AndroidManifest.xml:309:19-70
activity#com.photoedit.demo.AddWatermarkActivity
ADDED from src\main\AndroidManifest.xml:311:9-312:51
	android:screenOrientation
		ADDED from src\main\AndroidManifest.xml:312:13-49
	android:name
		ADDED from src\main\AndroidManifest.xml:311:19-73
activity#com.photoedit.demo.EnhanceActivity
ADDED from src\main\AndroidManifest.xml:313:9-314:51
	android:screenOrientation
		ADDED from src\main\AndroidManifest.xml:314:13-49
	android:name
		ADDED from src\main\AndroidManifest.xml:313:19-68
activity#com.photoedit.demo.RevolveActivity
ADDED from src\main\AndroidManifest.xml:315:9-316:51
	android:screenOrientation
		ADDED from src\main\AndroidManifest.xml:316:13-49
	android:name
		ADDED from src\main\AndroidManifest.xml:315:19-68
activity#com.photoedit.demo.AddTextActivity
ADDED from src\main\AndroidManifest.xml:317:9-318:51
	android:screenOrientation
		ADDED from src\main\AndroidManifest.xml:318:13-49
	android:name
		ADDED from src\main\AndroidManifest.xml:317:19-68
activity#com.sctek.smartglasses.ui.GuideActivity
ADDED from src\main\AndroidManifest.xml:320:9-325:20
	android:label
		ADDED from src\main\AndroidManifest.xml:322:13-57
	android:theme
		ADDED from src\main\AndroidManifest.xml:323:13-83
	android:name
		ADDED from src\main\AndroidManifest.xml:321:13-67
activity#com.sctek.smartglasses.ui.RTMPLiveMainActivity
ADDED from src\main\AndroidManifest.xml:328:9-334:20
	android:screenOrientation
		ADDED from src\main\AndroidManifest.xml:333:13-49
	android:label
		ADDED from src\main\AndroidManifest.xml:331:13-47
	android:launchMode
		ADDED from src\main\AndroidManifest.xml:330:13-43
	android:icon
		ADDED from src\main\AndroidManifest.xml:332:13-42
	android:name
		ADDED from src\main\AndroidManifest.xml:329:13-74
activity#com.sctek.smartglasses.ui.RTMPLivePlayActivity
ADDED from src\main\AndroidManifest.xml:336:9-341:20
	android:screenOrientation
		ADDED from src\main\AndroidManifest.xml:338:13-50
	android:configChanges
		ADDED from src\main\AndroidManifest.xml:339:13-83
	android:theme
		ADDED from src\main\AndroidManifest.xml:340:13-77
	android:name
		ADDED from src\main\AndroidManifest.xml:337:13-74
uses-sdk
INJECTED from src\main\AndroidManifest.xml reason: use-sdk injection requested
MERGED from [com.android.support:design:25.0.1] AndroidManifest.xml:21:5-23:62
MERGED from [com.android.support:recyclerview-v7:25.0.1] AndroidManifest.xml:20:5-43
MERGED from [com.android.support:transition:25.0.1] AndroidManifest.xml:20:5-44
MERGED from [com.android.support:support-v13:25.0.1] AndroidManifest.xml:21:5-23:55
MERGED from [com.android.support.constraint:constraint-layout:1.0.0-alpha5] AndroidManifest.xml:5:5-7:41
MERGED from [CamlogLive2017.4.5:photoedit:unspecified] AndroidManifest.xml:7:5-9:41
MERGED from [com.android.support:appcompat-v7:25.0.1] AndroidManifest.xml:21:5-23:78
MERGED from [com.android.support:support-v4:25.0.1] AndroidManifest.xml:21:5-23:54
MERGED from [com.android.support:support-fragment:25.0.1] AndroidManifest.xml:21:5-23:60
MERGED from [com.android.support:support-media-compat:25.0.1] AndroidManifest.xml:21:5-23:63
MERGED from [com.android.support:support-core-ui:25.0.1] AndroidManifest.xml:21:5-23:58
MERGED from [com.android.support:support-core-utils:25.0.1] AndroidManifest.xml:21:5-23:61
MERGED from [com.android.support:animated-vector-drawable:25.0.1] AndroidManifest.xml:20:5-44
MERGED from [com.android.support:support-vector-drawable:25.0.1] AndroidManifest.xml:21:5-43
MERGED from [com.android.support:support-compat:25.0.1] AndroidManifest.xml:21:5-23:58
MERGED from [com.getbase:floatingactionbutton:1.10.1] AndroidManifest.xml:8:5-10:41
	tools:overrideLibrary
		ADDED from [com.android.support:design:25.0.1] AndroidManifest.xml:23:9-59
	android:targetSdkVersion
		INJECTED from src\main\AndroidManifest.xml
		INJECTED from src\main\AndroidManifest.xml
	android:minSdkVersion
		INJECTED from src\main\AndroidManifest.xml
		INJECTED from src\main\AndroidManifest.xml